<?xml version="1.0" encoding="utf-8"?>
<TestRun id="c400afdc-79cc-462a-8172-ff3fc5d6d1b8" name="dungp@USER 2026-08-28 14:23:08" runUser="USER\dungp" xmlns="http://microsoft.com/schemas/VisualStudio/TeamTest/2010">
  <Times creation="2026-08-28T14:23:08.8163521+07:00" queuing="2026-08-28T14:23:08.8163524+07:00" start="2026-08-28T14:23:05.3374948+07:00" finish="2026-08-28T14:23:10.3880128+07:00" />
  <TestSettings name="default" id="699dcaea-211e-4b5b-a6eb-8f4ba4b8d4da">
    <Deployment runDeploymentRoot="dungp_USER_2026-08-28_14_23_08" />
  </TestSettings>
  <Results>
    <UnitTestResult executionId="23faf880-dab7-41e1-91ce-78830f9da68f" testId="808c7c99-435d-29df-bdb4-62cf059ba9b2" testName="DocxHeaderExtractor.Tests.RfcTocDictionaryOutlineTests.Pipeline_khong_bam_nguong_cu_khi_cum_toc_thap_hon_van_khop_than_bai" computerName="USER" duration="00:00:00.6986878" startTime="2026-08-28T14:23:10.3028358+07:00" endTime="2026-08-28T14:23:10.3028360+07:00" testType="13cdc9d9-ddb5-4fa4-a97d-d965ccfc6d4b" outcome="Failed" testListId="8c84fa94-04c1-424b-9868-57a2d4851a1d" relativeResultsDirectory="23faf880-dab7-41e1-91ce-78830f9da68f">
      <Output>
        <ErrorInfo>
          <Message>Assert.Contains() Failure: Filter not matched in collection&#xD;
Collection: []</Message>
          <StackTrace>   at DocxHeaderExtractor.Tests.RfcTocDictionaryOutlineTests.Pipeline_khong_bam_nguong_cu_khi_cum_toc_thap_hon_van_khop_than_bai() in C:\DocxHeaderExtractor\tests\DocxHeaderExtractor.Tests\RfcTocDictionaryOutlineTests.cs:line 65&#xD;
--- End of stack trace from previous location ---</StackTrace>
        </ErrorInfo>
      </Output>
    </UnitTestResult>
    <UnitTestResult executionId="2623dbaf-3e81-4386-8a93-e16e5d30e6b3" testId="e0743c11-1464-423f-7438-95b93eb4bb5b" testName="DocxHeaderExtractor.Tests.RfcTocDictionaryOutlineTests.Dung_toc_dictionary_giu_so_muc_va_khop_nav_092" computerName="USER" duration="00:00:01.1218628" startTime="2026-08-28T14:23:07.3414296+07:00" endTime="2026-08-28T14:23:07.3414499+07:00" testType="13cdc9d9-ddb5-4fa4-a97d-d965ccfc6d4b" outcome="Passed" testListId="8c84fa94-04c1-424b-9868-57a2d4851a1d" relativeResultsDirectory="2623dbaf-3e81-4386-8a93-e16e5d30e6b3" />
    <UnitTestResult executionId="f51db2e2-2be0-4474-8418-33ac926758d2" testId="0f00bdd7-6517-5778-0e8a-b562990427c0" testName="DocxHeaderExtractor.Tests.RfcTocDictionaryOutlineTests.Pipeline_bat_duoc_than_bai_sau_toc_duoi_acknowledgments_contributors_authors" computerName="USER" duration="00:00:01.7597259" startTime="2026-08-28T14:23:09.1130384+07:00" endTime="2026-08-28T14:23:09.1130386+07:00" testType="13cdc9d9-ddb5-4fa4-a97d-d965ccfc6d4b" outcome="Failed" testListId="8c84fa94-04c1-424b-9868-57a2d4851a1d" relativeResultsDirectory="f51db2e2-2be0-4474-8418-33ac926758d2">
      <Output>
        <ErrorInfo>
          <Message>Assert.True() Failure&#xD;
Expected: True&#xD;
Actual:   False</Message>
          <StackTrace>   at DocxHeaderExtractor.Tests.RfcTocDictionaryOutlineTests.Pipeline_bat_duoc_than_bai_sau_toc_duoi_acknowledgments_contributors_authors() in C:\DocxHeaderExtractor\tests\DocxHeaderExtractor.Tests\RfcTocDictionaryOutlineTests.cs:line 87&#xD;
--- End of stack trace from previous location ---</StackTrace>
        </ErrorInfo>
      </Output>
    </UnitTestResult>
    <UnitTestResult executionId="e315332a-d259-4551-8f41-e5a2b5b4995a" testId="70ceb952-58d3-1f16-cedf-7778d5f240ea" testName="DocxHeaderExtractor.Tests.RfcTocDictionaryOutlineTests.Toc_dictionary_tu_loai_khi_chi_co_than_bai_nhieu_so_muc" computerName="USER" duration="00:00:00.0188135" startTime="2026-08-28T14:23:10.3211970+07:00" endTime="2026-08-28T14:23:10.3211974+07:00" testType="13cdc9d9-ddb5-4fa4-a97d-d965ccfc6d4b" outcome="Passed" testListId="8c84fa94-04c1-424b-9868-57a2d4851a1d" relativeResultsDirectory="e315332a-d259-4551-8f41-e5a2b5b4995a" />
    <UnitTestResult executionId="0f35c177-8d9f-452c-82a2-baa0b0f92148" testId="a752743b-f230-7d8c-85a6-7b2c4ba6d7b7" testName="DocxHeaderExtractor.Tests.RfcTocDictionaryOutlineTests.Pipeline_no_llm_khong_cat_lai_tieu_de_rfc_da_lay_tu_toc" computerName="USER" duration="00:00:00.4959515" startTime="2026-08-28T14:23:09.6037069+07:00" endTime="2026-08-28T14:23:09.6037071+07:00" testType="13cdc9d9-ddb5-4fa4-a97d-d965ccfc6d4b" outcome="Failed" testListId="8c84fa94-04c1-424b-9868-57a2d4851a1d" relativeResultsDirectory="0f35c177-8d9f-452c-82a2-baa0b0f92148">
      <Output>
        <ErrorInfo>
          <Message>Assert.True() Failure&#xD;
Expected: True&#xD;
Actual:   False</Message>
          <StackTrace>   at DocxHeaderExtractor.Tests.RfcTocDictionaryOutlineTests.Pipeline_no_llm_khong_cat_lai_tieu_de_rfc_da_lay_tu_toc() in C:\DocxHeaderExtractor\tests\DocxHeaderExtractor.Tests\RfcTocDictionaryOutlineTests.cs:line 49&#xD;
--- End of stack trace from previous location ---</StackTrace>
        </ErrorInfo>
      </Output>
    </UnitTestResult>
  </Results>
  <TestDefinitions>
    <UnitTest name="DocxHeaderExtractor.Tests.RfcTocDictionaryOutlineTests.Toc_dictionary_tu_loai_khi_chi_co_than_bai_nhieu_so_muc" storage="c:\docxheaderextractor\tests\docxheaderextractor.tests\bin\debug\net9.0\docxheaderextractor.tests.dll" id="70ceb952-58d3-1f16-cedf-7778d5f240ea">
      <Execution id="e315332a-d259-4551-8f41-e5a2b5b4995a" />
      <TestMethod codeBase="C:\DocxHeaderExtractor\tests\DocxHeaderExtractor.Tests\bin\Debug\net9.0\DocxHeaderExtractor.Tests.dll" adapterTypeName="executor://xunit/VsTestRunner2/netcoreapp" className="DocxHeaderExtractor.Tests.RfcTocDictionaryOutlineTests" name="Toc_dictionary_tu_loai_khi_chi_co_than_bai_nhieu_so_muc" />
    </UnitTest>
    <UnitTest name="DocxHeaderExtractor.Tests.RfcTocDictionaryOutlineTests.Dung_toc_dictionary_giu_so_muc_va_khop_nav_092" storage="c:\docxheaderextractor\tests\docxheaderextractor.tests\bin\debug\net9.0\docxheaderextractor.tests.dll" id="e0743c11-1464-423f-7438-95b93eb4bb5b">
      <Execution id="2623dbaf-3e81-4386-8a93-e16e5d30e6b3" />
      <TestMethod codeBase="C:\DocxHeaderExtractor\tests\DocxHeaderExtractor.Tests\bin\Debug\net9.0\DocxHeaderExtractor.Tests.dll" adapterTypeName="executor://xunit/VsTestRunner2/netcoreapp" className="DocxHeaderExtractor.Tests.RfcTocDictionaryOutlineTests" name="Dung_toc_dictionary_giu_so_muc_va_khop_nav_092" />
    </UnitTest>
    <UnitTest name="DocxHeaderExtractor.Tests.RfcTocDictionaryOutlineTests.Pipeline_khong_bam_nguong_cu_khi_cum_toc_thap_hon_van_khop_than_bai" storage="c:\docxheaderextractor\tests\docxheaderextractor.tests\bin\debug\net9.0\docxheaderextractor.tests.dll" id="808c7c99-435d-29df-bdb4-62cf059ba9b2">
      <Execution id="23faf880-dab7-41e1-91ce-78830f9da68f" />
      <TestMethod codeBase="C:\DocxHeaderExtractor\tests\DocxHeaderExtractor.Tests\bin\Debug\net9.0\DocxHeaderExtractor.Tests.dll" adapterTypeName="executor://xunit/VsTestRunner2/netcoreapp" className="DocxHeaderExtractor.Tests.RfcTocDictionaryOutlineTests" name="Pipeline_khong_bam_nguong_cu_khi_cum_toc_thap_hon_van_khop_than_bai" />
    </UnitTest>
    <UnitTest name="DocxHeaderExtractor.Tests.RfcTocDictionaryOutlineTests.Pipeline_no_llm_khong_cat_lai_tieu_de_rfc_da_lay_tu_toc" storage="c:\docxheaderextractor\tests\docxheaderextractor.tests\bin\debug\net9.0\docxheaderextractor.tests.dll" id="a752743b-f230-7d8c-85a6-7b2c4ba6d7b7">
      <Execution id="0f35c177-8d9f-452c-82a2-baa0b0f92148" />
      <TestMethod codeBase="C:\DocxHeaderExtractor\tests\DocxHeaderExtractor.Tests\bin\Debug\net9.0\DocxHeaderExtractor.Tests.dll" adapterTypeName="executor://xunit/VsTestRunner2/netcoreapp" className="DocxHeaderExtractor.Tests.RfcTocDictionaryOutlineTests" name="Pipeline_no_llm_khong_cat_lai_tieu_de_rfc_da_lay_tu_toc" />
    </UnitTest>
    <UnitTest name="DocxHeaderExtractor.Tests.RfcTocDictionaryOutlineTests.Pipeline_bat_duoc_than_bai_sau_toc_duoi_acknowledgments_contributors_authors" storage="c:\docxheaderextractor\tests\docxheaderextractor.tests\bin\debug\net9.0\docxheaderextractor.tests.dll" id="0f00bdd7-6517-5778-0e8a-b562990427c0">
      <Execution id="f51db2e2-2be0-4474-8418-33ac926758d2" />
      <TestMethod codeBase="C:\DocxHeaderExtractor\tests\DocxHeaderExtractor.Tests\bin\Debug\net9.0\DocxHeaderExtractor.Tests.dll" adapterTypeName="executor://xunit/VsTestRunner2/netcoreapp" className="DocxHeaderExtractor.Tests.RfcTocDictionaryOutlineTests" name="Pipeline_bat_duoc_than_bai_sau_toc_duoi_acknowledgments_contributors_authors" />
    </UnitTest>
  </TestDefinitions>
  <TestEntries>
    <TestEntry testId="808c7c99-435d-29df-bdb4-62cf059ba9b2" executionId="23faf880-dab7-41e1-91ce-78830f9da68f" testListId="8c84fa94-04c1-424b-9868-57a2d4851a1d" />
    <TestEntry testId="e0743c11-1464-423f-7438-95b93eb4bb5b" executionId="2623dbaf-3e81-4386-8a93-e16e5d30e6b3" testListId="8c84fa94-04c1-424b-9868-57a2d4851a1d" />
    <TestEntry testId="0f00bdd7-6517-5778-0e8a-b562990427c0" executionId="f51db2e2-2be0-4474-8418-33ac926758d2" testListId="8c84fa94-04c1-424b-9868-57a2d4851a1d" />
    <TestEntry testId="70ceb952-58d3-1f16-cedf-7778d5f240ea" executionId="e315332a-d259-4551-8f41-e5a2b5b4995a" testListId="8c84fa94-04c1-424b-9868-57a2d4851a1d" />
    <TestEntry testId="a752743b-f230-7d8c-85a6-7b2c4ba6d7b7" executionId="0f35c177-8d9f-452c-82a2-baa0b0f92148" testListId="8c84fa94-04c1-424b-9868-57a2d4851a1d" />
  </TestEntries>
  <TestLists>
    <TestList name="Results Not in a List" id="8c84fa94-04c1-424b-9868-57a2d4851a1d" />
    <TestList name="All Loaded Results" id="19431567-8539-422a-85d7-44ee4e166bda" />
  </TestLists>
  <ResultSummary outcome="Failed">
    <Counters total="5" executed="5" passed="2" failed="3" error="0" timeout="0" aborted="0" inconclusive="0" passedButRunAborted="0" notRunnable="0" notExecuted="0" disconnected="0" warning="0" completed="0" inProgress="0" pending="0" />
    <Output>
      <StdOut>[xUnit.net 00:00:00.00] xUnit.net VSTest Adapter v2.8.2+699d445a1a (64-bit .NET 9.0.6)&#xD;
[xUnit.net 00:00:00.13]   Discovering: DocxHeaderExtractor.Tests&#xD;
[xUnit.net 00:00:00.33]   Discovered:  DocxHeaderExtractor.Tests&#xD;
[xUnit.net 00:00:00.34]   Starting:    DocxHeaderExtractor.Tests&#xD;
[xUnit.net 00:00:03.27]       Assert.True() Failure&#xD;
[xUnit.net 00:00:03.27]       Expected: True&#xD;
[xUnit.net 00:00:03.27]       Actual:   False&#xD;
[xUnit.net 00:00:03.27]       Stack Trace:&#xD;
[xUnit.net 00:00:03.27]         C:\DocxHeaderExtractor\tests\DocxHeaderExtractor.Tests\RfcTocDictionaryOutlineTests.cs(87,0): at DocxHeaderExtractor.Tests.RfcTocDictionaryOutlineTests.Pipeline_bat_duoc_than_bai_sau_toc_duoi_acknowledgments_contributors_authors()&#xD;
[xUnit.net 00:00:03.27]         --- End of stack trace from previous location ---&#xD;
[xUnit.net 00:00:03.76]       Assert.True() Failure&#xD;
[xUnit.net 00:00:03.76]       Expected: True&#xD;
[xUnit.net 00:00:03.76]       Actual:   False&#xD;
[xUnit.net 00:00:03.76]       Stack Trace:&#xD;
[xUnit.net 00:00:03.76]         C:\DocxHeaderExtractor\tests\DocxHeaderExtractor.Tests\RfcTocDictionaryOutlineTests.cs(49,0): at DocxHeaderExtractor.Tests.RfcTocDictionaryOutlineTests.Pipeline_no_llm_khong_cat_lai_tieu_de_rfc_da_lay_tu_toc()&#xD;
[xUnit.net 00:00:03.76]         --- End of stack trace from previous location ---&#xD;
[xUnit.net 00:00:04.46]       Assert.Contains() Failure: Filter not matched in collection&#xD;
[xUnit.net 00:00:04.46]       Collection: []&#xD;
[xUnit.net 00:00:04.46]       Stack Trace:&#xD;
[xUnit.net 00:00:04.46]         C:\DocxHeaderExtractor\tests\DocxHeaderExtractor.Tests\RfcTocDictionaryOutlineTests.cs(65,0): at DocxHeaderExtractor.Tests.RfcTocDictionaryOutlineTests.Pipeline_khong_bam_nguong_cu_khi_cum_toc_thap_hon_van_khop_than_bai()&#xD;
[xUnit.net 00:00:04.46]         --- End of stack trace from previous location ---&#xD;
[xUnit.net 00:00:04.49]   Finished:    DocxHeaderExtractor.Tests&#xD;
</StdOut>
    </Output>
    <RunInfos>
      <RunInfo computerName="USER" outcome="Error" timestamp="2026-08-28T14:23:09.1085020+07:00">
        <Text>[xUnit.net 00:00:03.27]     DocxHeaderExtractor.Tests.RfcTocDictionaryOutlineTests.Pipeline_bat_duoc_than_bai_sau_toc_duoi_acknowledgments_contributors_authors [FAIL]</Text>
      </RunInfo>
      <RunInfo computerName="USER" outcome="Error" timestamp="2026-08-28T14:23:09.6032685+07:00">
        <Text>[xUnit.net 00:00:03.76]     DocxHeaderExtractor.Tests.RfcTocDictionaryOutlineTests.Pipeline_no_llm_khong_cat_lai_tieu_de_rfc_da_lay_tu_toc [FAIL]</Text>
      </RunInfo>
      <RunInfo computerName="USER" outcome="Error" timestamp="2026-08-28T14:23:10.3051515+07:00">
        <Text>[xUnit.net 00:00:04.46]     DocxHeaderExtractor.Tests.RfcTocDictionaryOutlineTests.Pipeline_khong_bam_nguong_cu_khi_cum_toc_thap_hon_van_khop_than_bai [FAIL]</Text>
      </RunInfo>
    </RunInfos>
  </ResultSummary>
</TestRun>