<?xml version="1.0" encoding="utf-8"?>
<TestRun id="9353f0b8-4721-4604-9ff7-ad30272ae19c" name="dungp@USER 2026-08-28 15:07:42" runUser="USER\dungp" xmlns="http://microsoft.com/schemas/VisualStudio/TeamTest/2010">
  <Times creation="2026-08-28T15:07:42.8289835+07:00" queuing="2026-08-28T15:07:42.8289838+07:00" start="2026-08-28T15:07:30.3274018+07:00" finish="2026-08-28T15:07:42.8341973+07:00" />
  <TestSettings name="default" id="2ef40645-12e0-4914-8ce8-a1abce8dc9aa">
    <Deployment runDeploymentRoot="dungp_USER_2026-08-28_15_07_42" />
  </TestSettings>
  <Results>
    <UnitTestResult executionId="06326ee7-cbe3-4cb7-b71c-caca487c0aeb" testId="08d6e893-b115-af15-1dd5-1db25dc64770" testName="DocxHeaderExtractor.Tests.McpStdioIntegrationTests.Stdio_server_advertises_only_the_three_read_only_tools" computerName="USER" duration="00:00:09.0284599" startTime="2026-08-28T15:07:42.6993975+07:00" endTime="2026-08-28T15:07:42.6994170+07:00" testType="13cdc9d9-ddb5-4fa4-a97d-d965ccfc6d4b" outcome="Passed" testListId="8c84fa94-04c1-424b-9868-57a2d4851a1d" relativeResultsDirectory="06326ee7-cbe3-4cb7-b71c-caca487c0aeb" />
  </Results>
  <TestDefinitions>
    <UnitTest name="DocxHeaderExtractor.Tests.McpStdioIntegrationTests.Stdio_server_advertises_only_the_three_read_only_tools" storage="c:\docxheaderextractor\tests\docxheaderextractor.tests\bin\release\net9.0\docxheaderextractor.tests.dll" id="08d6e893-b115-af15-1dd5-1db25dc64770">
      <Execution id="06326ee7-cbe3-4cb7-b71c-caca487c0aeb" />
      <TestMethod codeBase="C:\DocxHeaderExtractor\tests\DocxHeaderExtractor.Tests\bin\Release\net9.0\DocxHeaderExtractor.Tests.dll" adapterTypeName="executor://xunit/VsTestRunner2/netcoreapp" className="DocxHeaderExtractor.Tests.McpStdioIntegrationTests" name="Stdio_server_advertises_only_the_three_read_only_tools" />
    </UnitTest>
  </TestDefinitions>
  <TestEntries>
    <TestEntry testId="08d6e893-b115-af15-1dd5-1db25dc64770" executionId="06326ee7-cbe3-4cb7-b71c-caca487c0aeb" testListId="8c84fa94-04c1-424b-9868-57a2d4851a1d" />
  </TestEntries>
  <TestLists>
    <TestList name="Results Not in a List" id="8c84fa94-04c1-424b-9868-57a2d4851a1d" />
    <TestList name="All Loaded Results" id="19431567-8539-422a-85d7-44ee4e166bda" />
  </TestLists>
  <ResultSummary outcome="Completed">
    <Counters total="1" executed="1" passed="1" failed="0" error="0" timeout="0" aborted="0" inconclusive="0" passedButRunAborted="0" notRunnable="0" notExecuted="0" disconnected="0" warning="0" completed="0" inProgress="0" pending="0" />
    <Output>
      <StdOut>[xUnit.net 00:00:00.00] xUnit.net VSTest Adapter v2.8.2+699d445a1a (64-bit .NET 9.0.6)&#xD;
[xUnit.net 00:00:01.46]   Discovering: DocxHeaderExtractor.Tests&#xD;
[xUnit.net 00:00:02.37]   Discovered:  DocxHeaderExtractor.Tests&#xD;
[xUnit.net 00:00:02.38]   Starting:    DocxHeaderExtractor.Tests&#xD;
[xUnit.net 00:00:11.47]   Finished:    DocxHeaderExtractor.Tests&#xD;
</StdOut>
    </Output>
  </ResultSummary>
</TestRun>